Loading the file
'/tools/cadence/ic615hf171/tools.lnx86/dfII/etc/skill/hnl/hspiceD.ile'.Begin Incremental Netlisting Apr 22 22:37:51 2015
End netlisting Apr 22 22:37:51 2015
Loading the file
'/tools/cadence/ic615hf171/tools.lnx86/dfII/etc/skill/hnl/hspiceD.ile'.Begin Incremental Netlisting Apr 22 22:38:06 2015
WARNING (OSSHNL-225): The design variable 'C', used in the last netlisting
session in the current
run directory is not used in this netlisting session. The
netlist(s) generated
in the last netlisting session cannot be reused for
incremental netlisting.
Therefore re-netlisting the design.

End netlisting Apr 22 22:38:06 2015
Loading the file
'/tools/cadence/ic615hf171/tools.lnx86/dfII/etc/skill/hnl/hspiceD.ile'.Begin Incremental Netlisting Apr 22 22:38:38 2015
WARNING (OSSHNL-225): The design variable 'C', used in the last netlisting
session in the current
run directory is not used in this netlisting session. The
netlist(s) generated
in the last netlisting session cannot be reused for
incremental netlisting.
Therefore re-netlisting the design.

End netlisting Apr 22 22:38:38 2015
Loading the file
'/tools/cadence/ic615hf171/tools.lnx86/dfII/etc/skill/hnl/hspiceD.ile'.Begin Incremental Netlisting Apr 22 22:40:42 2015
End netlisting Apr 22 22:40:42 2015
Loading the file
'/tools/cadence/ic615hf171/tools.lnx86/dfII/etc/skill/hnl/hspiceD.ile'.Begin Incremental Netlisting Apr 22 22:49:43 2015
End netlisting Apr 22 22:49:43 2015
Loading the file
'/tools/cadence/ic615hf171/tools.lnx86/dfII/etc/skill/hnl/hspiceD.ile'.Begin Incremental Netlisting Apr 22 22:51:04 2015
End netlisting Apr 22 22:51:04 2015
Loading the file
'/tools/cadence/ic615hf171/tools.lnx86/dfII/etc/skill/hnl/hspiceD.ile'.Begin Incremental Netlisting Apr 22 22:51:39 2015
End netlisting Apr 22 22:51:39 2015
Loading the file
'/tools/cadence/ic615hf171/tools.lnx86/dfII/etc/skill/hnl/hspiceD.ile'.Begin Incremental Netlisting Apr 22 22:52:21 2015
End netlisting Apr 22 22:52:21 2015
Loading the file
'/tools/cadence/ic615hf171/tools.lnx86/dfII/etc/skill/hnl/hspiceD.ile'.Begin Incremental Netlisting Apr 22 22:59:02 2015
End netlisting Apr 22 22:59:02 2015
Loading the file
'/tools/cadence/ic615hf171/tools.lnx86/dfII/etc/skill/hnl/hspiceD.ile'.Begin Incremental Netlisting Apr 22 23:00:25 2015
End netlisting Apr 22 23:00:25 2015
